<?xml version="1.0" encoding="UTF-8"?>
<testng-results ignored="0" total="1" passed="1" failed="0" skipped="0">
  <reporter-output>
  </reporter-output>
  <suite started-at="2024-04-22T20:29:56 IST" name="Default suite" finished-at="2024-04-22T20:29:56 IST" duration-ms="86">
    <groups>
    </groups>
    <test started-at="2024-04-22T20:29:56 IST" name="Default test" finished-at="2024-04-22T20:29:56 IST" duration-ms="86">
      <class name="com.serializationanddeserializarion.Deserialization">
        <test-method signature="jsonToPojoUsingJsonSimple()[pri:0, instance:com.serializationanddeserializarion.Deserialization@5677323c]" started-at="2024-04-22T20:29:56 IST" name="jsonToPojoUsingJsonSimple" finished-at="2024-04-22T20:29:56 IST" duration-ms="20" status="PASS">
          <reporter-output>
          </reporter-output>
        </test-method> <!-- jsonToPojoUsingJsonSimple -->
      </class> <!-- com.serializationanddeserializarion.Deserialization -->
    </test> <!-- Default test -->
  </suite> <!-- Default suite -->
</testng-results>
