<?xml version="1.0" encoding="UTF-8"?>
<testng-results ignored="0" total="1" passed="1" failed="0" skipped="0">
  <reporter-output>
  </reporter-output>
  <suite started-at="2023-09-25T07:26:56 IST" name="Default suite" finished-at="2023-09-25T07:26:57 IST" duration-ms="529">
    <groups>
    </groups>
    <test started-at="2023-09-25T07:26:56 IST" name="Default test" finished-at="2023-09-25T07:26:57 IST" duration-ms="529">
      <class name="com.serializationanddeserializarion.Deserialization">
        <test-method signature="jsonToPojo()[pri:0, instance:com.serializationanddeserializarion.Deserialization@593aaf41]" started-at="2023-09-25T07:26:56 IST" name="jsonToPojo" finished-at="2023-09-25T07:26:57 IST" duration-ms="449" status="PASS">
          <reporter-output>
          </reporter-output>
        </test-method> <!-- jsonToPojo -->
      </class> <!-- com.serializationanddeserializarion.Deserialization -->
    </test> <!-- Default test -->
  </suite> <!-- Default suite -->
</testng-results>
