<?xml version="1.0" encoding="UTF-8"?>
<!-- Generated by org.testng.reporters.JUnitXMLReporter -->
<testsuite ignored="0" hostname="DESKTOP-S54S9MI" failures="0" tests="4" name="Test" time="5.495" errors="0" timestamp="2023-10-11T07:38:15 IST">
  <testcase classname="com.apichaining.GoRestAPICreateUser" name="createUser" time="3.963"/>
  <testcase classname="com.apichaining.GoRestAPIGetUser" name="getUser" time="0.587"/>
  <testcase classname="com.apichaining.GoRestAPIUpdateUser" name="updateUser" time="0.5"/>
  <testcase classname="com.apichaining.GoRestAPIDeleteUser" name="deleteUser" time="0.32"/>
</testsuite> <!-- Test -->
