<?xml version="1.0" encoding="UTF-8"?>
<!-- Generated by org.testng.reporters.JUnitXMLReporter -->
<testsuite ignored="2" hostname="DESKTOP-57NG131" failures="0" tests="1" name="Default test" time="0.086" errors="0" timestamp="2024-04-22T20:29:56 IST">
  <testcase classname="com.serializationanddeserializarion.Deserialization" name="jsonToPojoUsingJsonSimple" time="0.02"/>
  <testcase classname="com.serializationanddeserializarion.Deserialization" name="jsonToPojo" time="0.0">
    <ignored/>
  </testcase> <!-- jsonToPojo -->
  <testcase classname="com.serializationanddeserializarion.Deserialization" name="jsonToPojoUsingGson" time="0.0">
    <ignored/>
  </testcase> <!-- jsonToPojoUsingGson -->
</testsuite> <!-- Default test -->
